<?xml version="1.0" encoding="UTF-8" ?>
<testsuite failures="0" time="0.012" errors="0" skipped="0" tests="1" name="it.newmedia.gokick.AppTest">
  <properties>
    <property name="java.runtime.name" value="Java(TM) SE Runtime Environment"/>
    <property name="sun.boot.library.path" value="/System/Library/Java/JavaVirtualMachines/1.6.0.jdk/Contents/Libraries"/>
    <property name="java.vm.version" value="20.65-b04-462"/>
    <property name="awt.nativeDoubleBuffering" value="true"/>
    <property name="gopherProxySet" value="false"/>
    <property name="mrj.build" value="11M4609"/>
    <property name="java.vm.vendor" value="Apple Inc."/>
    <property name="java.vendor.url" value="http://www.apple.com/"/>
    <property name="path.separator" value=":"/>
    <property name="java.vm.name" value="Java HotSpot(TM) 64-Bit Server VM"/>
    <property name="file.encoding.pkg" value="sun.io"/>
    <property name="user.country" value="US"/>
    <property name="sun.java.launcher" value="SUN_STANDARD"/>
    <property name="sun.os.patch.level" value="unknown"/>
    <property name="java.vm.specification.name" value="Java Virtual Machine Specification"/>
    <property name="user.dir" value="/Users/vittorio/ProjectsJava/sorgenti_gokick/source/trunk/gokick-common"/>
    <property name="java.runtime.version" value="1.6.0_65-b14-462-11M4609"/>
    <property name="java.awt.graphicsenv" value="apple.awt.CGraphicsEnvironment"/>
    <property name="basedir" value="/Users/vittorio/ProjectsJava/sorgenti_gokick/source/trunk/gokick-common"/>
    <property name="java.endorsed.dirs" value="/System/Library/Java/JavaVirtualMachines/1.6.0.jdk/Contents/Home/lib/endorsed"/>
    <property name="os.arch" value="x86_64"/>
    <property name="surefire.real.class.path" value="/var/folders/5q/pqzsmh6x7y56g12tgq5qxttm0000gn/T/surefirebooter4294416150564046889.jar"/>
    <property name="java.io.tmpdir" value="/var/folders/5q/pqzsmh6x7y56g12tgq5qxttm0000gn/T/"/>
    <property name="line.separator" value="
"/>
    <property name="java.vm.specification.vendor" value="Sun Microsystems Inc."/>
    <property name="os.name" value="Mac OS X"/>
    <property name="sun.jnu.encoding" value="MacRoman"/>
    <property name="java.library.path" value=".:/Library/Java/Extensions:/System/Library/Java/Extensions:/usr/lib/java"/>
    <property name="surefire.test.class.path" value="/Users/vittorio/ProjectsJava/sorgenti_gokick/source/trunk/gokick-common/target/test-classes:/Users/vittorio/ProjectsJava/sorgenti_gokick/source/trunk/gokick-common/target/classes:/Users/vittorio/.m2/repository/org/hibernate/hibernate-entitymanager/3.3.1.ga/hibernate-entitymanager-3.3.1.ga.jar:/Users/vittorio/.m2/repository/javax/persistence/persistence-api/1.0/persistence-api-1.0.jar:/Users/vittorio/.m2/repository/org/hibernate/hibernate/3.2.4.ga/hibernate-3.2.4.ga.jar:/Users/vittorio/.m2/repository/net/sf/ehcache/ehcache/1.2.3/ehcache-1.2.3.jar:/Users/vittorio/.m2/repository/commons-logging/commons-logging/1.0.4/commons-logging-1.0.4.jar:/Users/vittorio/.m2/repository/commons-collections/commons-collections/3.2.1/commons-collections-3.2.1.jar:/Users/vittorio/.m2/repository/javax/transaction/jta/1.0.1B/jta-1.0.1B.jar:/Users/vittorio/.m2/repository/asm/asm-attrs/1.5.3/asm-attrs-1.5.3.jar:/Users/vittorio/.m2/repository/dom4j/dom4j/1.6.1/dom4j-1.6.1.jar:/Users/vittorio/.m2/repository/antlr/antlr/2.7.6/antlr-2.7.6.jar:/Users/vittorio/.m2/repository/cglib/cglib/2.1_3/cglib-2.1_3.jar:/Users/vittorio/.m2/repository/asm/asm/1.5.3/asm-1.5.3.jar:/Users/vittorio/.m2/repository/org/hibernate/hibernate-annotations/3.3.0.ga/hibernate-annotations-3.3.0.ga.jar:/Users/vittorio/.m2/repository/org/hibernate/hibernate-commons-annotations/3.0.0.ga/hibernate-commons-annotations-3.0.0.ga.jar:/Users/vittorio/.m2/repository/org/hibernate/hibernate-validator/3.0.0.ga/hibernate-validator-3.0.0.ga.jar:/Users/vittorio/.m2/repository/jboss/javassist/3.3.ga/javassist-3.3.ga.jar:/Users/vittorio/.m2/repository/jboss/jboss-common-core/2.0.4.GA/jboss-common-core-2.0.4.GA.jar:/Users/vittorio/.m2/repository/log4j/log4j/1.2.16/log4j-1.2.16.jar:/Users/vittorio/.m2/repository/net/sf/ehcache/ehcache-core/2.4.6/ehcache-core-2.4.6.jar:/Users/vittorio/.m2/repository/org/slf4j/slf4j-api/1.6.1/slf4j-api-1.6.1.jar:/Users/vittorio/.m2/repository/commons-lang/commons-lang/2.5/commons-lang-2.5.jar:/Users/vittorio/.m2/repository/junit/junit/3.8.1/junit-3.8.1.jar:/Users/vittorio/ProjectsJava/sorgenti_gokick/source/trunk/gokick-library/target/gokick-library-1.2.4.jar:/Users/vittorio/.m2/repository/org/apache/commons/commons-email/1.2/commons-email-1.2.jar:/Users/vittorio/.m2/repository/javax/mail/mail/1.4.1/mail-1.4.1.jar:/Users/vittorio/.m2/repository/javax/activation/activation/1.1/activation-1.1.jar:/Users/vittorio/.m2/repository/commons-httpclient/commons-httpclient/3.1/commons-httpclient-3.1.jar:/Users/vittorio/.m2/repository/commons-codec/commons-codec/1.4/commons-codec-1.4.jar:/Users/vittorio/.m2/repository/commons-beanutils/commons-beanutils/1.8.3/commons-beanutils-1.8.3.jar:/Users/vittorio/.m2/repository/commons-transaction/commons-transaction/1.2/commons-transaction-1.2.jar:"/>
    <property name="java.specification.name" value="Java Platform API Specification"/>
    <property name="java.class.version" value="50.0"/>
    <property name="sun.management.compiler" value="HotSpot 64-Bit Tiered Compilers"/>
    <property name="os.version" value="10.9"/>
    <property name="http.nonProxyHosts" value="local|*.local|169.254/16|*.169.254/16"/>
    <property name="user.home" value="/Users/vittorio"/>
    <property name="user.timezone" value=""/>
    <property name="java.awt.printerjob" value="apple.awt.CPrinterJob"/>
    <property name="java.specification.version" value="1.6"/>
    <property name="file.encoding" value="MacRoman"/>
    <property name="user.name" value="vittorio"/>
    <property name="java.class.path" value="/Users/vittorio/ProjectsJava/sorgenti_gokick/source/trunk/gokick-common/target/test-classes:/Users/vittorio/ProjectsJava/sorgenti_gokick/source/trunk/gokick-common/target/classes:/Users/vittorio/.m2/repository/org/hibernate/hibernate-entitymanager/3.3.1.ga/hibernate-entitymanager-3.3.1.ga.jar:/Users/vittorio/.m2/repository/javax/persistence/persistence-api/1.0/persistence-api-1.0.jar:/Users/vittorio/.m2/repository/org/hibernate/hibernate/3.2.4.ga/hibernate-3.2.4.ga.jar:/Users/vittorio/.m2/repository/net/sf/ehcache/ehcache/1.2.3/ehcache-1.2.3.jar:/Users/vittorio/.m2/repository/commons-logging/commons-logging/1.0.4/commons-logging-1.0.4.jar:/Users/vittorio/.m2/repository/commons-collections/commons-collections/3.2.1/commons-collections-3.2.1.jar:/Users/vittorio/.m2/repository/javax/transaction/jta/1.0.1B/jta-1.0.1B.jar:/Users/vittorio/.m2/repository/asm/asm-attrs/1.5.3/asm-attrs-1.5.3.jar:/Users/vittorio/.m2/repository/dom4j/dom4j/1.6.1/dom4j-1.6.1.jar:/Users/vittorio/.m2/repository/antlr/antlr/2.7.6/antlr-2.7.6.jar:/Users/vittorio/.m2/repository/cglib/cglib/2.1_3/cglib-2.1_3.jar:/Users/vittorio/.m2/repository/asm/asm/1.5.3/asm-1.5.3.jar:/Users/vittorio/.m2/repository/org/hibernate/hibernate-annotations/3.3.0.ga/hibernate-annotations-3.3.0.ga.jar:/Users/vittorio/.m2/repository/org/hibernate/hibernate-commons-annotations/3.0.0.ga/hibernate-commons-annotations-3.0.0.ga.jar:/Users/vittorio/.m2/repository/org/hibernate/hibernate-validator/3.0.0.ga/hibernate-validator-3.0.0.ga.jar:/Users/vittorio/.m2/repository/jboss/javassist/3.3.ga/javassist-3.3.ga.jar:/Users/vittorio/.m2/repository/jboss/jboss-common-core/2.0.4.GA/jboss-common-core-2.0.4.GA.jar:/Users/vittorio/.m2/repository/log4j/log4j/1.2.16/log4j-1.2.16.jar:/Users/vittorio/.m2/repository/net/sf/ehcache/ehcache-core/2.4.6/ehcache-core-2.4.6.jar:/Users/vittorio/.m2/repository/org/slf4j/slf4j-api/1.6.1/slf4j-api-1.6.1.jar:/Users/vittorio/.m2/repository/commons-lang/commons-lang/2.5/commons-lang-2.5.jar:/Users/vittorio/.m2/repository/junit/junit/3.8.1/junit-3.8.1.jar:/Users/vittorio/ProjectsJava/sorgenti_gokick/source/trunk/gokick-library/target/gokick-library-1.2.4.jar:/Users/vittorio/.m2/repository/org/apache/commons/commons-email/1.2/commons-email-1.2.jar:/Users/vittorio/.m2/repository/javax/mail/mail/1.4.1/mail-1.4.1.jar:/Users/vittorio/.m2/repository/javax/activation/activation/1.1/activation-1.1.jar:/Users/vittorio/.m2/repository/commons-httpclient/commons-httpclient/3.1/commons-httpclient-3.1.jar:/Users/vittorio/.m2/repository/commons-codec/commons-codec/1.4/commons-codec-1.4.jar:/Users/vittorio/.m2/repository/commons-beanutils/commons-beanutils/1.8.3/commons-beanutils-1.8.3.jar:/Users/vittorio/.m2/repository/commons-transaction/commons-transaction/1.2/commons-transaction-1.2.jar:"/>
    <property name="java.vm.specification.version" value="1.0"/>
    <property name="sun.arch.data.model" value="64"/>
    <property name="java.home" value="/System/Library/Java/JavaVirtualMachines/1.6.0.jdk/Contents/Home"/>
    <property name="sun.java.command" value="/var/folders/5q/pqzsmh6x7y56g12tgq5qxttm0000gn/T/surefirebooter4294416150564046889.jar /var/folders/5q/pqzsmh6x7y56g12tgq5qxttm0000gn/T/surefire1314844873324245652tmp /var/folders/5q/pqzsmh6x7y56g12tgq5qxttm0000gn/T/surefire6006320253727362241tmp"/>
    <property name="java.specification.vendor" value="Sun Microsystems Inc."/>
    <property name="user.language" value="en"/>
    <property name="awt.toolkit" value="apple.awt.CToolkit"/>
    <property name="java.vm.info" value="mixed mode"/>
    <property name="java.version" value="1.6.0_65"/>
    <property name="java.ext.dirs" value="/Library/Java/Extensions:/System/Library/Java/Extensions:/System/Library/Java/JavaVirtualMachines/1.6.0.jdk/Contents/Home/lib/ext"/>
    <property name="sun.boot.class.path" value="/System/Library/Java/JavaVirtualMachines/1.6.0.jdk/Contents/Classes/jsfd.jar:/System/Library/Java/JavaVirtualMachines/1.6.0.jdk/Contents/Classes/classes.jar:/System/Library/Frameworks/JavaVM.framework/Frameworks/JavaRuntimeSupport.framework/Resources/Java/JavaRuntimeSupport.jar:/System/Library/Java/JavaVirtualMachines/1.6.0.jdk/Contents/Classes/ui.jar:/System/Library/Java/JavaVirtualMachines/1.6.0.jdk/Contents/Classes/laf.jar:/System/Library/Java/JavaVirtualMachines/1.6.0.jdk/Contents/Classes/sunrsasign.jar:/System/Library/Java/JavaVirtualMachines/1.6.0.jdk/Contents/Classes/jsse.jar:/System/Library/Java/JavaVirtualMachines/1.6.0.jdk/Contents/Classes/jce.jar:/System/Library/Java/JavaVirtualMachines/1.6.0.jdk/Contents/Classes/charsets.jar"/>
    <property name="java.vendor" value="Apple Inc."/>
    <property name="localRepository" value="/Users/vittorio/.m2/repository"/>
    <property name="file.separator" value="/"/>
    <property name="java.vendor.url.bug" value="http://bugreport.apple.com/"/>
    <property name="sun.cpu.endian" value="little"/>
    <property name="sun.io.unicode.encoding" value="UnicodeLittle"/>
    <property name="mrj.version" value="1070.1.6.0_65-462"/>
    <property name="socksNonProxyHosts" value="local|*.local|169.254/16|*.169.254/16"/>
    <property name="ftp.nonProxyHosts" value="local|*.local|169.254/16|*.169.254/16"/>
    <property name="sun.cpu.isalist" value=""/>
  </properties>
  <testcase time="0.002" classname="it.newmedia.gokick.AppTest" name="testApp"/>
</testsuite>